<!DOCTYPE html>
<!--
 | Generated by Apache Maven Doxia Site Renderer 1.11.1 from org.apache.maven.plugins:maven-surefire-report-plugin:3.0.0-M6:failsafe-report-only at 2022-10-04
 | Rendered using Apache Maven Fluido Skin 1.8
-->
<html xmlns="http://www.w3.org/1999/xhtml" lang="en">
  <head>
    <meta charset="UTF-8" />
    <meta name="viewport" content="width=device-width, initial-scale=1" />
    <meta name="generator" content="Apache Maven Doxia Site Renderer 1.11.1" />
    <title>OpenWMS.org CORE: UAA &#x2013; Failsafe Report</title>
    <link rel="stylesheet" href="./css/apache-maven-fluido-1.8.min.css" />
    <link rel="stylesheet" href="./css/site.css" />
    <link rel="stylesheet" href="./css/print.css" media="print" />
    <script src="./js/apache-maven-fluido-1.8.min.js"></script>
  </head>
  <body class="topBarEnabled">
    <a href="https://github.com/openwms/org.openwms.core.uaa">
      <img style="position: absolute; top: 0; left: 0; border: 0; z-index: 10000;"
        src="https://s3.amazonaws.com/github/ribbons/forkme_left_darkblue_121621.png"
        alt="Fork me on GitHub">
    </a>
    <header id="topbar" class="navbar navbar-fixed-top ">
      <div class="navbar-inner">
            <div class="container">
              <a data-target=".nav-collapse" data-toggle="collapse" class="btn btn-navbar">
                  <span class="icon-bar"></span>
                  <span class="icon-bar"></span>
                  <span class="icon-bar"></span>
              </a>
          <nav class="nav-collapse">
<a class="brand" href="index.html"  title="OpenWMS.org"><img src="images/logo.png" alt="OpenWMS.org" />
</a>
            <ul class="nav">
      <li class="dropdown">
        <a href="#" class="dropdown-toggle" data-toggle="dropdown">Documentation <b class="caret"></b></a>
        <ul class="dropdown-menu">
            <li><a href="index.html" title="Home">Home</a></li>
            <li><a href="rest/2.0.0-SNAPSHOT/api.html" title="REST API Documentation">REST API Documentation</a></li>
            <li><a href="configuration.html" title="Configuration">Configuration</a></li>
            <li><a href="https://openwms.atlassian.net/l/c/UeA16May" title="Confluence Wiki">Confluence Wiki</a></li>
            <li><a href="apidocs/index.html" title="Javadoc">Javadoc</a></li>
            <li><a href="2.0.0-SNAPSHOT/schemaspy/relationships.html" title="Database Schema">Database Schema</a></li>
            <li><a href="https://sonarcloud.io/dashboard?id=org.openwms:org.openwms.core.uaa" title="Sonarcloud">Sonarcloud</a></li>
        </ul>
      </li>
      <li class="dropdown">
        <a href="#" class="dropdown-toggle" data-toggle="dropdown">Project <b class="caret"></b></a>
        <ul class="dropdown-menu">
            <li class="dropdown-submenu">
<a href="project-info.html" title="Project Information">Project Information</a>
              <ul class="dropdown-menu">
                  <li><a href="index.html" title="About">About</a></li>
                  <li><a href="summary.html" title="Summary">Summary</a></li>
                  <li><a href="team.html" title="Team">Team</a></li>
                  <li><a href="issue-management.html" title="Issue Management">Issue Management</a></li>
                  <li><a href="ci-management.html" title="CI Management">CI Management</a></li>
                  <li><a href="scm.html" title="Source Code Management">Source Code Management</a></li>
              </ul>
            </li>
            <li class="dropdown-submenu">
<a href="project-reports.html" title="Project Reports">Project Reports</a>
              <ul class="dropdown-menu">
                  <li><a href="apidocs/index.html" title="Javadoc">Javadoc</a></li>
                  <li><a href="failsafe-report.html" title="Failsafe Report">Failsafe Report</a></li>
                  <li><a href="surefire-report.html" title="Surefire Report">Surefire Report</a></li>
                  <li><a href="schemaspy/index.html" title="SchemaSpy">SchemaSpy</a></li>
              </ul>
            </li>
        </ul>
      </li>
            </ul>
          </nav>
          <div class="nav-collapse">
          </div>
        </div>
      </div>
    </header>
    <div class="container">
      <header>
        <div id="banner">
          <div class="pull-left"><div id="bannerLeft"><h2>OpenWMS.org CORE: UAA</h2>
</div>
</div>
          <div class="pull-right"></div>
          <div class="clear"><hr/></div>
        </div>

        <div id="breadcrumbs">
          <ul class="breadcrumb">
        <li id="publishDate">Last Published: 2022-10-04<span class="divider">|</span>
</li>
          <li id="projectVersion">Version: 2.0.0-SNAPSHOT</li>
          </ul>
        </div>
      </header>
        <main id="bodyColumn" >
<script type="application/javascript">
//<![CDATA[
function toggleDisplay(elementId) {
 var elm = document.getElementById(elementId + '-error');
 if (elm == null) {
  elm = document.getElementById(elementId + '-failure');
 }
 if (elm && typeof elm.style != "undefined") {
  if (elm.style.display == "none") {
   elm.style.display = "";
   document.getElementById(elementId + '-off').style.display = "none";
   document.getElementById(elementId + '-on').style.display = "inline";
  } else if (elm.style.display == "") {   elm.style.display = "none";
   document.getElementById(elementId + '-off').style.display = "inline";
   document.getElementById(elementId + '-on').style.display = "none";
  } 
 } 
 }
//]]>
</script><section>
<h2><a name="Failsafe_Report"></a>Failsafe Report</h2></section><section>
<h2><a name="Summary"></a>Summary</h2><a name="Summary"></a>
<p>[<a href="#Summary">Summary</a>] [<a href="#Package_List">Package List</a>] [<a href="#Test_Cases">Test Cases</a>]</p><br />
<table border="1" class="table table-striped">
<tr class="a">
<th>Tests</th>
<th>Errors</th>
<th>Failures</th>
<th>Skipped</th>
<th>Success Rate</th>
<th>Time</th></tr>
<tr class="b">
<td align="left">75</td>
<td align="left">0</td>
<td align="left">3</td>
<td align="left">4</td>
<td align="left">90.667%</td>
<td align="left">32.148</td></tr></table><br />
<p>Note: failures are anticipated and checked for with assertions while errors are unanticipated.</p><br /></section><section>
<h2><a name="Package_List"></a>Package List</h2><a name="Package_List"></a>
<p>[<a href="#Summary">Summary</a>] [<a href="#Package_List">Package List</a>] [<a href="#Test_Cases">Test Cases</a>]</p><br />
<table border="1" class="table table-striped">
<tr class="a">
<th>Package</th>
<th>Tests</th>
<th>Errors</th>
<th>Failures</th>
<th>Skipped</th>
<th>Success Rate</th>
<th>Time</th></tr>
<tr class="b">
<td align="left"><a href="#org.openwms.core.uaa.admin">org.openwms.core.uaa.admin</a></td>
<td align="left">28</td>
<td align="left">0</td>
<td align="left">0</td>
<td align="left">0</td>
<td align="left">100%</td>
<td align="left">21.764</td></tr>
<tr class="a">
<td align="left"><a href="#org.openwms.core.uaa">org.openwms.core.uaa</a></td>
<td align="left">1</td>
<td align="left">0</td>
<td align="left">0</td>
<td align="left">0</td>
<td align="left">100%</td>
<td align="left">0.033</td></tr>
<tr class="b">
<td align="left"><a href="#org.openwms.core.uaa.admin.impl">org.openwms.core.uaa.admin.impl</a></td>
<td align="left">41</td>
<td align="left">0</td>
<td align="left">3</td>
<td align="left">4</td>
<td align="left">82.927%</td>
<td align="left">4.67</td></tr>
<tr class="a">
<td align="left"><a href="#org.openwms.core.uaa.auth">org.openwms.core.uaa.auth</a></td>
<td align="left">5</td>
<td align="left">0</td>
<td align="left">0</td>
<td align="left">0</td>
<td align="left">100%</td>
<td align="left">5.681</td></tr></table><br />
<p>Note: package statistics are not computed recursively, they only sum up all of its testsuites numbers.</p><section>
<h3><a name="org.openwms.core.uaa.admin"></a>org.openwms.core.uaa.admin</h3><a name="org.openwms.core.uaa.admin"></a>
<table border="1" class="table table-striped">
<tr class="a">
<th></th>
<th>Class</th>
<th>Tests</th>
<th>Errors</th>
<th>Failures</th>
<th>Skipped</th>
<th>Success Rate</th>
<th>Time</th></tr>
<tr class="b">
<td align="left"><a href="#org.openwms.core.uaa.admin.RoleControllerDocumentation"><figure><img src="images/icon_success_sml.gif" alt="" /></figure></a></td>
<td align="left"><a href="#org.openwms.core.uaa.admin.RoleControllerDocumentation">RoleControllerDocumentation</a></td>
<td align="left">12</td>
<td align="left">0</td>
<td align="left">0</td>
<td align="left">0</td>
<td align="left">100%</td>
<td align="left">14.89</td></tr>
<tr class="a">
<td align="left"><a href="#org.openwms.core.uaa.admin.GrantControllerDocumentation"><figure><img src="images/icon_success_sml.gif" alt="" /></figure></a></td>
<td align="left"><a href="#org.openwms.core.uaa.admin.GrantControllerDocumentation">GrantControllerDocumentation</a></td>
<td align="left">7</td>
<td align="left">0</td>
<td align="left">0</td>
<td align="left">0</td>
<td align="left">100%</td>
<td align="left">0.278</td></tr>
<tr class="b">
<td align="left"><a href="#org.openwms.core.uaa.admin.UserControllerDocumentation"><figure><img src="images/icon_success_sml.gif" alt="" /></figure></a></td>
<td align="left"><a href="#org.openwms.core.uaa.admin.UserControllerDocumentation">UserControllerDocumentation</a></td>
<td align="left">9</td>
<td align="left">0</td>
<td align="left">0</td>
<td align="left">0</td>
<td align="left">100%</td>
<td align="left">6.596</td></tr></table></section><section>
<h3><a name="org.openwms.core.uaa"></a>org.openwms.core.uaa</h3><a name="org.openwms.core.uaa"></a>
<table border="1" class="table table-striped">
<tr class="a">
<th></th>
<th>Class</th>
<th>Tests</th>
<th>Errors</th>
<th>Failures</th>
<th>Skipped</th>
<th>Success Rate</th>
<th>Time</th></tr>
<tr class="b">
<td align="left"><a href="#org.openwms.core.uaa.IndexControllerDocumentation"><figure><img src="images/icon_success_sml.gif" alt="" /></figure></a></td>
<td align="left"><a href="#org.openwms.core.uaa.IndexControllerDocumentation">IndexControllerDocumentation</a></td>
<td align="left">1</td>
<td align="left">0</td>
<td align="left">0</td>
<td align="left">0</td>
<td align="left">100%</td>
<td align="left">0.033</td></tr></table></section><section>
<h3><a name="org.openwms.core.uaa.admin.impl"></a>org.openwms.core.uaa.admin.impl</h3><a name="org.openwms.core.uaa.admin.impl"></a>
<table border="1" class="table table-striped">
<tr class="a">
<th></th>
<th>Class</th>
<th>Tests</th>
<th>Errors</th>
<th>Failures</th>
<th>Skipped</th>
<th>Success Rate</th>
<th>Time</th></tr>
<tr class="b">
<td align="left"><a href="#org.openwms.core.uaa.admin.impl.RoleServiceIT"><figure><img src="images/icon_success_sml.gif" alt="" /></figure></a></td>
<td align="left"><a href="#org.openwms.core.uaa.admin.impl.RoleServiceIT">RoleServiceIT</a></td>
<td align="left">9</td>
<td align="left">0</td>
<td align="left">0</td>
<td align="left">0</td>
<td align="left">100%</td>
<td align="left">1.031</td></tr>
<tr class="a">
<td align="left"><a href="#org.openwms.core.uaa.admin.impl.UserMapperImplIT"><figure><img src="images/icon_success_sml.gif" alt="" /></figure></a></td>
<td align="left"><a href="#org.openwms.core.uaa.admin.impl.UserMapperImplIT">UserMapperImplIT</a></td>
<td align="left">4</td>
<td align="left">0</td>
<td align="left">0</td>
<td align="left">0</td>
<td align="left">100%</td>
<td align="left">0.095</td></tr>
<tr class="b">
<td align="left"><a href="#org.openwms.core.uaa.admin.impl.UserServiceIT"><figure><img src="images/icon_warning_sml.gif" alt="" /></figure></a></td>
<td align="left"><a href="#org.openwms.core.uaa.admin.impl.UserServiceIT">UserServiceIT</a></td>
<td align="left">20</td>
<td align="left">0</td>
<td align="left">3</td>
<td align="left">4</td>
<td align="left">65%</td>
<td align="left">1.531</td></tr>
<tr class="a">
<td align="left"><a href="#org.openwms.core.uaa.admin.impl.RoleMapperImplIT"><figure><img src="images/icon_success_sml.gif" alt="" /></figure></a></td>
<td align="left"><a href="#org.openwms.core.uaa.admin.impl.RoleMapperImplIT">RoleMapperImplIT</a></td>
<td align="left">3</td>
<td align="left">0</td>
<td align="left">0</td>
<td align="left">0</td>
<td align="left">100%</td>
<td align="left">0.895</td></tr>
<tr class="b">
<td align="left"><a href="#org.openwms.core.uaa.admin.impl.RoleIT"><figure><img src="images/icon_success_sml.gif" alt="" /></figure></a></td>
<td align="left"><a href="#org.openwms.core.uaa.admin.impl.RoleIT">RoleIT</a></td>
<td align="left">5</td>
<td align="left">0</td>
<td align="left">0</td>
<td align="left">0</td>
<td align="left">100%</td>
<td align="left">1.118</td></tr></table></section><section>
<h3><a name="org.openwms.core.uaa.auth"></a>org.openwms.core.uaa.auth</h3><a name="org.openwms.core.uaa.auth"></a>
<table border="1" class="table table-striped">
<tr class="a">
<th></th>
<th>Class</th>
<th>Tests</th>
<th>Errors</th>
<th>Failures</th>
<th>Skipped</th>
<th>Success Rate</th>
<th>Time</th></tr>
<tr class="b">
<td align="left"><a href="#org.openwms.core.uaa.auth.ClientControllerDocumentation"><figure><img src="images/icon_success_sml.gif" alt="" /></figure></a></td>
<td align="left"><a href="#org.openwms.core.uaa.auth.ClientControllerDocumentation">ClientControllerDocumentation</a></td>
<td align="left">5</td>
<td align="left">0</td>
<td align="left">0</td>
<td align="left">0</td>
<td align="left">100%</td>
<td align="left">5.681</td></tr></table></section><br /></section><section>
<h2><a name="Test_Cases"></a>Test Cases</h2><a name="Test_Cases"></a>
<p>[<a href="#Summary">Summary</a>] [<a href="#Package_List">Package List</a>] [<a href="#Test_Cases">Test Cases</a>]</p><section>
<h3><a name="RoleServiceIT"></a>RoleServiceIT</h3><a name="org.openwms.core.uaa.admin.impl.RoleServiceIT"></a>
<table border="1" class="table table-striped">
<tr class="a">
<td align="left"><figure><img src="images/icon_success_sml.gif" alt="" /></figure></td>
<td align="left"><a name="TC_org.openwms.core.uaa.admin.impl.RoleServiceIT.testCreateNewRoleWithoutPrefix"></a>testCreateNewRoleWithoutPrefix</td>
<td align="left">0.049</td></tr>
<tr class="b">
<td align="left"><figure><img src="images/icon_success_sml.gif" alt="" /></figure></td>
<td align="left"><a name="TC_org.openwms.core.uaa.admin.impl.RoleServiceIT.testCreateWithNull"></a>testCreateWithNull</td>
<td align="left">0.018</td></tr>
<tr class="a">
<td align="left"><figure><img src="images/icon_success_sml.gif" alt="" /></figure></td>
<td align="left"><a name="TC_org.openwms.core.uaa.admin.impl.RoleServiceIT.testFindAll"></a>testFindAll</td>
<td align="left">0.027</td></tr>
<tr class="b">
<td align="left"><figure><img src="images/icon_success_sml.gif" alt="" /></figure></td>
<td align="left"><a name="TC_org.openwms.core.uaa.admin.impl.RoleServiceIT.testCreateWithoutNameMustFail"></a>testCreateWithoutNameMustFail</td>
<td align="left">0.022</td></tr>
<tr class="a">
<td align="left"><figure><img src="images/icon_success_sml.gif" alt="" /></figure></td>
<td align="left"><a name="TC_org.openwms.core.uaa.admin.impl.RoleServiceIT.testCreateExistingRoleMustFail"></a>testCreateExistingRoleMustFail</td>
<td align="left">0.017</td></tr>
<tr class="b">
<td align="left"><figure><img src="images/icon_success_sml.gif" alt="" /></figure></td>
<td align="left"><a name="TC_org.openwms.core.uaa.admin.impl.RoleServiceIT.testSaveWithNulls"></a>testSaveWithNulls</td>
<td align="left">0.013</td></tr>
<tr class="a">
<td align="left"><figure><img src="images/icon_success_sml.gif" alt="" /></figure></td>
<td align="left"><a name="TC_org.openwms.core.uaa.admin.impl.RoleServiceIT.testSaveNotExistingRole"></a>testSaveNotExistingRole</td>
<td align="left">0.012</td></tr>
<tr class="b">
<td align="left"><figure><img src="images/icon_success_sml.gif" alt="" /></figure></td>
<td align="left"><a name="TC_org.openwms.core.uaa.admin.impl.RoleServiceIT.testCreateNewRole"></a>testCreateNewRole</td>
<td align="left">0.015</td></tr>
<tr class="a">
<td align="left"><figure><img src="images/icon_success_sml.gif" alt="" /></figure></td>
<td align="left"><a name="TC_org.openwms.core.uaa.admin.impl.RoleServiceIT.testSaveExisingRole"></a>testSaveExisingRole</td>
<td align="left">0.019</td></tr></table></section><section>
<h3><a name="UserMapperImplIT"></a>UserMapperImplIT</h3><a name="org.openwms.core.uaa.admin.impl.UserMapperImplIT"></a>
<table border="1" class="table table-striped">
<tr class="a">
<td align="left"><figure><img src="images/icon_success_sml.gif" alt="" /></figure></td>
<td align="left"><a name="TC_org.openwms.core.uaa.admin.impl.UserMapperImplIT.testEOstoVOs"></a>testEOstoVOs</td>
<td align="left">0.019</td></tr>
<tr class="b">
<td align="left"><figure><img src="images/icon_success_sml.gif" alt="" /></figure></td>
<td align="left"><a name="TC_org.openwms.core.uaa.admin.impl.UserMapperImplIT.testEOtoEO"></a>testEOtoEO</td>
<td align="left">0.02</td></tr>
<tr class="a">
<td align="left"><figure><img src="images/icon_success_sml.gif" alt="" /></figure></td>
<td align="left"><a name="TC_org.openwms.core.uaa.admin.impl.UserMapperImplIT.testEOtoVO"></a>testEOtoVO</td>
<td align="left">0.018</td></tr>
<tr class="b">
<td align="left"><figure><img src="images/icon_success_sml.gif" alt="" /></figure></td>
<td align="left"><a name="TC_org.openwms.core.uaa.admin.impl.UserMapperImplIT.testVOtoEO"></a>testVOtoEO</td>
<td align="left">0.013</td></tr></table></section><section>
<h3><a name="RoleControllerDocumentation"></a>RoleControllerDocumentation</h3><a name="org.openwms.core.uaa.admin.RoleControllerDocumentation"></a>
<table border="1" class="table table-striped">
<tr class="a">
<td align="left"><figure><img src="images/icon_success_sml.gif" alt="" /></figure></td>
<td align="left"><a name="TC_org.openwms.core.uaa.admin.RoleControllerDocumentation.shall_create_role"></a>shall_create_role</td>
<td align="left">1.019</td></tr>
<tr class="b">
<td align="left"><figure><img src="images/icon_success_sml.gif" alt="" /></figure></td>
<td align="left"><a name="TC_org.openwms.core.uaa.admin.RoleControllerDocumentation.shall_delete_client"></a>shall_delete_client</td>
<td align="left">0.054</td></tr>
<tr class="a">
<td align="left"><figure><img src="images/icon_success_sml.gif" alt="" /></figure></td>
<td align="left"><a name="TC_org.openwms.core.uaa.admin.RoleControllerDocumentation.test_assign_unknown_role"></a>test_assign_unknown_role</td>
<td align="left">0.046</td></tr>
<tr class="b">
<td align="left"><figure><img src="images/icon_success_sml.gif" alt="" /></figure></td>
<td align="left"><a name="TC_org.openwms.core.uaa.admin.RoleControllerDocumentation.test_assign_unknown_user"></a>test_assign_unknown_user</td>
<td align="left">0.052</td></tr>
<tr class="a">
<td align="left"><figure><img src="images/icon_success_sml.gif" alt="" /></figure></td>
<td align="left"><a name="TC_org.openwms.core.uaa.admin.RoleControllerDocumentation.shall_assign_user"></a>shall_assign_user</td>
<td align="left">0.064</td></tr>
<tr class="b">
<td align="left"><figure><img src="images/icon_success_sml.gif" alt="" /></figure></td>
<td align="left"><a name="TC_org.openwms.core.uaa.admin.RoleControllerDocumentation.shall_save_role"></a>shall_save_role</td>
<td align="left">0.064</td></tr>
<tr class="a">
<td align="left"><figure><img src="images/icon_success_sml.gif" alt="" /></figure></td>
<td align="left"><a name="TC_org.openwms.core.uaa.admin.RoleControllerDocumentation.shall_find_demo_roles"></a>shall_find_demo_roles</td>
<td align="left">0.083</td></tr>
<tr class="b">
<td align="left"><figure><img src="images/icon_success_sml.gif" alt="" /></figure></td>
<td align="left"><a name="TC_org.openwms.core.uaa.admin.RoleControllerDocumentation.shall_build_index"></a>shall_build_index</td>
<td align="left">0.056</td></tr>
<tr class="a">
<td align="left"><figure><img src="images/icon_success_sml.gif" alt="" /></figure></td>
<td align="left"><a name="TC_org.openwms.core.uaa.admin.RoleControllerDocumentation.shall_find_role_by_pkey"></a>shall_find_role_by_pkey</td>
<td align="left">0.036</td></tr>
<tr class="b">
<td align="left"><figure><img src="images/icon_success_sml.gif" alt="" /></figure></td>
<td align="left"><a name="TC_org.openwms.core.uaa.admin.RoleControllerDocumentation.shall_unassign_user"></a>shall_unassign_user</td>
<td align="left">0.044</td></tr>
<tr class="a">
<td align="left"><figure><img src="images/icon_success_sml.gif" alt="" /></figure></td>
<td align="left"><a name="TC_org.openwms.core.uaa.admin.RoleControllerDocumentation.test_unassign_unknown_role"></a>test_unassign_unknown_role</td>
<td align="left">0.026</td></tr>
<tr class="b">
<td align="left"><figure><img src="images/icon_success_sml.gif" alt="" /></figure></td>
<td align="left"><a name="TC_org.openwms.core.uaa.admin.RoleControllerDocumentation.test_unassign_unknown_user"></a>test_unassign_unknown_user</td>
<td align="left">0.027</td></tr></table></section><section>
<h3><a name="UserServiceIT"></a>UserServiceIT</h3><a name="org.openwms.core.uaa.admin.impl.UserServiceIT"></a>
<table border="1" class="table table-striped">
<tr class="a">
<td align="left"><figure><img src="images/icon_success_sml.gif" alt="" /></figure></td>
<td align="left"><a name="TC_org.openwms.core.uaa.admin.impl.UserServiceIT.testSaveUserProfileUserWithInvalidPassword"></a>testSaveUserProfileUserWithInvalidPassword</td>
<td align="left">0.066</td></tr>
<tr class="b">
<td align="left"><figure><img src="images/icon_success_sml.gif" alt="" /></figure></td>
<td align="left"><a name="TC_org.openwms.core.uaa.admin.impl.UserServiceIT.testUploadImageNotFound"></a>testUploadImageNotFound</td>
<td align="left">0.012</td></tr>
<tr class="a">
<td align="left"><figure><img src="images/icon_success_sml.gif" alt="" /></figure></td>
<td align="left"><a name="TC_org.openwms.core.uaa.admin.impl.UserServiceIT.testChangePasswordInvalidPassword"></a>testChangePasswordInvalidPassword</td>
<td align="left">0.021</td></tr>
<tr class="b">
<td align="left"><a href="#org.openwms.core.uaa.admin.impl.UserServiceIT.testFindAll"><figure><img src="images/icon_error_sml.gif" alt="" /></figure></a></td>
<td align="left"><a name="TC_org.openwms.core.uaa.admin.impl.UserServiceIT.testFindAll"></a><a href="#org.openwms.core.uaa.admin.impl.UserServiceIT.testFindAll">testFindAll</a>
<div class="detailToggle" style="display:inline"><a href="javascript:toggleDisplay('org.openwms.core.uaa.admin.impl.UserServiceIT.testFindAll');"><span style="display:inline;" id="org.openwms.core.uaa.admin.impl.UserServiceIT.testFindAll-off"> + </span><span style="display:none;" id="org.openwms.core.uaa.admin.impl.UserServiceIT.testFindAll-on"> - </span>[ Detail ]</a></div></td>
<td align="left">0.027</td></tr>
<tr class="a">
<td align="left"></td>
<td align="left">
Expected size: 1 but was: 3 in:
[User{username='jenkins', extern=true, lastPasswordChange=2020-06-22T19:02:47.330440Z[Etc/UTC], locked=true, password='*****', persistedPassword='*****', enabled=true, expirationDate=2020-06-23T19:02:45.054756Z[Etc/UTC], fullname='Mister Jenkins', userDetails=UserDetails[description='A virtual one', comment='Test administrator', phoneNo='001-1234-98765', im='Skype:admine', office='Off. 4711', department='Dep. 0', image=null, gender=MALE]},
    User{username='tester', extern=false, lastPasswordChange=2020-06-22T19:02:47.330440Z[Etc/UTC], locked=false, password='*****', persistedPassword='*****', enabled=true, expirationDate=2020-06-23T19:02:45.054756Z[Etc/UTC], fullname='Tester', userDetails=UserDetails[description='Just a test user', comment='testing only', phoneNo='001-1234-56789', im='Skype:testee', office='Off. 815', department='Dep. 1', image=null, gender=FEMALE]},
    User{username='KNOWN', extern=false, lastPasswordChange=null, locked=false, password='&lt;NULL&gt;', persistedPassword='&lt;NULL&gt;', enabled=true, expirationDate=null, fullname='null', userDetails=null}]</td>
<td align="left"></td></tr>
<tr class="b">
<td align="left"></td>
<td align="left">
<div id="org.openwms.core.uaa.admin.impl.UserServiceIT.testFindAll-failure" style="display:none;">
<div>
<pre>java.lang.AssertionError: 

Expected size: 1 but was: 3 in:
[User{username='jenkins', extern=true, lastPasswordChange=2020-06-22T19:02:47.330440Z[Etc/UTC], locked=true, password='*****', persistedPassword='*****', enabled=true, expirationDate=2020-06-23T19:02:45.054756Z[Etc/UTC], fullname='Mister Jenkins', userDetails=UserDetails[description='A virtual one', comment='Test administrator', phoneNo='001-1234-98765', im='Skype:admine', office='Off. 4711', department='Dep. 0', image=null, gender=MALE]},
    User{username='tester', extern=false, lastPasswordChange=2020-06-22T19:02:47.330440Z[Etc/UTC], locked=false, password='*****', persistedPassword='*****', enabled=true, expirationDate=2020-06-23T19:02:45.054756Z[Etc/UTC], fullname='Tester', userDetails=UserDetails[description='Just a test user', comment='testing only', phoneNo='001-1234-56789', im='Skype:testee', office='Off. 815', department='Dep. 1', image=null, gender=FEMALE]},
    User{username='KNOWN', extern=false, lastPasswordChange=null, locked=false, password='&lt;NULL&gt;', persistedPassword='&lt;NULL&gt;', enabled=true, expirationDate=null, fullname='null', userDetails=null}]
	at org.openwms.core.uaa.admin.impl.UserServiceIT.testFindAll(UserServiceIT.java:231)
	at java.base/jdk.internal.reflect.NativeMethodAccessorImpl.invoke0(Native Method)
	at java.base/jdk.internal.reflect.NativeMethodAccessorImpl.invoke(NativeMethodAccessorImpl.java:77)
	at java.base/jdk.internal.reflect.DelegatingMethodAccessorImpl.invoke(DelegatingMethodAccessorImpl.java:43)
	at java.base/java.lang.reflect.Method.invoke(Method.java:568)
	at org.junit.platform.commons.util.ReflectionUtils.invokeMethod(ReflectionUtils.java:725)
	at org.junit.jupiter.engine.execution.MethodInvocation.proceed(MethodInvocation.java:60)
	at org.junit.jupiter.engine.execution.InvocationInterceptorChain$ValidatingInvocation.proceed(InvocationInterceptorChain.java:131)
	at org.junit.jupiter.engine.extension.TimeoutExtension.intercept(TimeoutExtension.java:149)
	at org.junit.jupiter.engine.extension.TimeoutExtension.interceptTestableMethod(TimeoutExtension.java:140)
	at org.junit.jupiter.engine.extension.TimeoutExtension.interceptTestMethod(TimeoutExtension.java:84)
	at org.junit.jupiter.engine.execution.ExecutableInvoker$ReflectiveInterceptorCall.lambda$ofVoidMethod$0(ExecutableInvoker.java:115)
	at org.junit.jupiter.engine.execution.ExecutableInvoker.lambda$invoke$0(ExecutableInvoker.java:105)
	at org.junit.jupiter.engine.execution.InvocationInterceptorChain$InterceptedInvocation.proceed(InvocationInterceptorChain.java:106)
	at org.junit.jupiter.engine.execution.InvocationInterceptorChain.proceed(InvocationInterceptorChain.java:64)
	at org.junit.jupiter.engine.execution.InvocationInterceptorChain.chainAndInvoke(InvocationInterceptorChain.java:45)
	at org.junit.jupiter.engine.execution.InvocationInterceptorChain.invoke(InvocationInterceptorChain.java:37)
	at org.junit.jupiter.engine.execution.ExecutableInvoker.invoke(ExecutableInvoker.java:104)
	at org.junit.jupiter.engine.execution.ExecutableInvoker.invoke(ExecutableInvoker.java:98)
	at org.junit.jupiter.engine.descriptor.TestMethodTestDescriptor.lambda$invokeTestMethod$7(TestMethodTestDescriptor.java:214)
	at org.junit.platform.engine.support.hierarchical.ThrowableCollector.execute(ThrowableCollector.java:73)
	at org.junit.jupiter.engine.descriptor.TestMethodTestDescriptor.invokeTestMethod(TestMethodTestDescriptor.java:210)
	at org.junit.jupiter.engine.descriptor.TestMethodTestDescriptor.execute(TestMethodTestDescriptor.java:135)
	at org.junit.jupiter.engine.descriptor.TestMethodTestDescriptor.execute(TestMethodTestDescriptor.java:66)
	at org.junit.platform.engine.support.hierarchical.NodeTestTask.lambda$executeRecursively$6(NodeTestTask.java:151)
	at org.junit.platform.engine.support.hierarchical.ThrowableCollector.execute(ThrowableCollector.java:73)
	at org.junit.platform.engine.support.hierarchical.NodeTestTask.lambda$executeRecursively$8(NodeTestTask.java:141)
	at org.junit.platform.engine.support.hierarchical.Node.around(Node.java:137)
	at org.junit.platform.engine.support.hierarchical.NodeTestTask.lambda$executeRecursively$9(NodeTestTask.java:139)
	at org.junit.platform.engine.support.hierarchical.ThrowableCollector.execute(ThrowableCollector.java:73)
	at org.junit.platform.engine.support.hierarchical.NodeTestTask.executeRecursively(NodeTestTask.java:138)
	at org.junit.platform.engine.support.hierarchical.NodeTestTask.execute(NodeTestTask.java:95)
	at java.base/java.util.ArrayList.forEach(ArrayList.java:1511)
	at org.junit.platform.engine.support.hierarchical.SameThreadHierarchicalTestExecutorService.invokeAll(SameThreadHierarchicalTestExecutorService.java:41)
	at org.junit.platform.engine.support.hierarchical.NodeTestTask.lambda$executeRecursively$6(NodeTestTask.java:155)
	at org.junit.platform.engine.support.hierarchical.ThrowableCollector.execute(ThrowableCollector.java:73)
	at org.junit.platform.engine.support.hierarchical.NodeTestTask.lambda$executeRecursively$8(NodeTestTask.java:141)
	at org.junit.platform.engine.support.hierarchical.Node.around(Node.java:137)
	at org.junit.platform.engine.support.hierarchical.NodeTestTask.lambda$executeRecursively$9(NodeTestTask.java:139)
	at org.junit.platform.engine.support.hierarchical.ThrowableCollector.execute(ThrowableCollector.java:73)
	at org.junit.platform.engine.support.hierarchical.NodeTestTask.executeRecursively(NodeTestTask.java:138)
	at org.junit.platform.engine.support.hierarchical.NodeTestTask.execute(NodeTestTask.java:95)
	at java.base/java.util.ArrayList.forEach(ArrayList.java:1511)
	at org.junit.platform.engine.support.hierarchical.SameThreadHierarchicalTestExecutorService.invokeAll(SameThreadHierarchicalTestExecutorService.java:41)
	at org.junit.platform.engine.support.hierarchical.NodeTestTask.lambda$executeRecursively$6(NodeTestTask.java:155)
	at org.junit.platform.engine.support.hierarchical.ThrowableCollector.execute(ThrowableCollector.java:73)
	at org.junit.platform.engine.support.hierarchical.NodeTestTask.lambda$executeRecursively$8(NodeTestTask.java:141)
	at org.junit.platform.engine.support.hierarchical.Node.around(Node.java:137)
	at org.junit.platform.engine.support.hierarchical.NodeTestTask.lambda$executeRecursively$9(NodeTestTask.java:139)
	at org.junit.platform.engine.support.hierarchical.ThrowableCollector.execute(ThrowableCollector.java:73)
	at org.junit.platform.engine.support.hierarchical.NodeTestTask.executeRecursively(NodeTestTask.java:138)
	at org.junit.platform.engine.support.hierarchical.NodeTestTask.execute(NodeTestTask.java:95)
	at org.junit.platform.engine.support.hierarchical.SameThreadHierarchicalTestExecutorService.submit(SameThreadHierarchicalTestExecutorService.java:35)
	at org.junit.platform.engine.support.hierarchical.HierarchicalTestExecutor.execute(HierarchicalTestExecutor.java:57)
	at org.junit.platform.engine.support.hierarchical.HierarchicalTestEngine.execute(HierarchicalTestEngine.java:54)
	at org.junit.platform.launcher.core.EngineExecutionOrchestrator.execute(EngineExecutionOrchestrator.java:107)
	at org.junit.platform.launcher.core.EngineExecutionOrchestrator.execute(EngineExecutionOrchestrator.java:88)
	at org.junit.platform.launcher.core.EngineExecutionOrchestrator.lambda$execute$0(EngineExecutionOrchestrator.java:54)
	at org.junit.platform.launcher.core.EngineExecutionOrchestrator.withInterceptedStreams(EngineExecutionOrchestrator.java:67)
	at org.junit.platform.launcher.core.EngineExecutionOrchestrator.execute(EngineExecutionOrchestrator.java:52)
	at org.junit.platform.launcher.core.DefaultLauncher.execute(DefaultLauncher.java:114)
	at org.junit.platform.launcher.core.DefaultLauncher.execute(DefaultLauncher.java:86)
	at org.junit.platform.launcher.core.DefaultLauncherSession$DelegatingLauncher.execute(DefaultLauncherSession.java:86)
	at org.apache.maven.surefire.junitplatform.LazyLauncher.execute(LazyLauncher.java:55)
	at org.apache.maven.surefire.junitplatform.JUnitPlatformProvider.execute(JUnitPlatformProvider.java:223)
	at org.apache.maven.surefire.junitplatform.JUnitPlatformProvider.invokeAllTests(JUnitPlatformProvider.java:175)
	at org.apache.maven.surefire.junitplatform.JUnitPlatformProvider.invoke(JUnitPlatformProvider.java:139)
	at org.apache.maven.surefire.booter.ForkedBooter.runSuitesInProcess(ForkedBooter.java:456)
	at org.apache.maven.surefire.booter.ForkedBooter.execute(ForkedBooter.java:169)
	at org.apache.maven.surefire.booter.ForkedBooter.run(ForkedBooter.java:595)
	at org.apache.maven.surefire.booter.ForkedBooter.main(ForkedBooter.java:581)
</pre></div></div></td>
<td align="left"></td></tr>
<tr class="a">
<td align="left"><figure><img src="images/icon_success_sml.gif" alt="" /></figure></td>
<td align="left"><a name="TC_org.openwms.core.uaa.admin.impl.UserServiceIT.testSaveUserProfileUserWithPassword"></a>testSaveUserProfileUserWithPassword</td>
<td align="left">0.009</td></tr>
<tr class="b">
<td align="left"><a href="#org.openwms.core.uaa.admin.impl.UserServiceIT.testFindByIdNegative"><figure><img src="images/icon_error_sml.gif" alt="" /></figure></a></td>
<td align="left"><a name="TC_org.openwms.core.uaa.admin.impl.UserServiceIT.testFindByIdNegative"></a><a href="#org.openwms.core.uaa.admin.impl.UserServiceIT.testFindByIdNegative">testFindByIdNegative</a>
<div class="detailToggle" style="display:inline"><a href="javascript:toggleDisplay('org.openwms.core.uaa.admin.impl.UserServiceIT.testFindByIdNegative');"><span style="display:inline;" id="org.openwms.core.uaa.admin.impl.UserServiceIT.testFindByIdNegative-off"> + </span><span style="display:none;" id="org.openwms.core.uaa.admin.impl.UserServiceIT.testFindByIdNegative-on"> - </span>[ Detail ]</a></div></td>
<td align="left">0.009</td></tr>
<tr class="a">
<td align="left"></td>
<td align="left">1 User is expected ==&gt; expected: &lt;1&gt; but was: &lt;3&gt;</td>
<td align="left"></td></tr>
<tr class="b">
<td align="left"></td>
<td align="left">
<div id="org.openwms.core.uaa.admin.impl.UserServiceIT.testFindByIdNegative-failure" style="display:none;">
<div>
<pre>org.opentest4j.AssertionFailedError: 1 User is expected ==&gt; expected: &lt;1&gt; but was: &lt;3&gt;
	at org.junit.jupiter.api.AssertionUtils.fail(AssertionUtils.java:55)
	at org.junit.jupiter.api.AssertionUtils.failNotEqual(AssertionUtils.java:62)
	at org.junit.jupiter.api.AssertEquals.assertEquals(AssertEquals.java:150)
	at org.junit.jupiter.api.Assertions.assertEquals(Assertions.java:559)
	at org.openwms.core.uaa.admin.impl.UserServiceIT.testFindByIdNegative(UserServiceIT.java:243)
	at java.base/jdk.internal.reflect.NativeMethodAccessorImpl.invoke0(Native Method)
	at java.base/jdk.internal.reflect.NativeMethodAccessorImpl.invoke(NativeMethodAccessorImpl.java:77)
	at java.base/jdk.internal.reflect.DelegatingMethodAccessorImpl.invoke(DelegatingMethodAccessorImpl.java:43)
	at java.base/java.lang.reflect.Method.invoke(Method.java:568)
	at org.junit.platform.commons.util.ReflectionUtils.invokeMethod(ReflectionUtils.java:725)
	at org.junit.jupiter.engine.execution.MethodInvocation.proceed(MethodInvocation.java:60)
	at org.junit.jupiter.engine.execution.InvocationInterceptorChain$ValidatingInvocation.proceed(InvocationInterceptorChain.java:131)
	at org.junit.jupiter.engine.extension.TimeoutExtension.intercept(TimeoutExtension.java:149)
	at org.junit.jupiter.engine.extension.TimeoutExtension.interceptTestableMethod(TimeoutExtension.java:140)
	at org.junit.jupiter.engine.extension.TimeoutExtension.interceptTestMethod(TimeoutExtension.java:84)
	at org.junit.jupiter.engine.execution.ExecutableInvoker$ReflectiveInterceptorCall.lambda$ofVoidMethod$0(ExecutableInvoker.java:115)
	at org.junit.jupiter.engine.execution.ExecutableInvoker.lambda$invoke$0(ExecutableInvoker.java:105)
	at org.junit.jupiter.engine.execution.InvocationInterceptorChain$InterceptedInvocation.proceed(InvocationInterceptorChain.java:106)
	at org.junit.jupiter.engine.execution.InvocationInterceptorChain.proceed(InvocationInterceptorChain.java:64)
	at org.junit.jupiter.engine.execution.InvocationInterceptorChain.chainAndInvoke(InvocationInterceptorChain.java:45)
	at org.junit.jupiter.engine.execution.InvocationInterceptorChain.invoke(InvocationInterceptorChain.java:37)
	at org.junit.jupiter.engine.execution.ExecutableInvoker.invoke(ExecutableInvoker.java:104)
	at org.junit.jupiter.engine.execution.ExecutableInvoker.invoke(ExecutableInvoker.java:98)
	at org.junit.jupiter.engine.descriptor.TestMethodTestDescriptor.lambda$invokeTestMethod$7(TestMethodTestDescriptor.java:214)
	at org.junit.platform.engine.support.hierarchical.ThrowableCollector.execute(ThrowableCollector.java:73)
	at org.junit.jupiter.engine.descriptor.TestMethodTestDescriptor.invokeTestMethod(TestMethodTestDescriptor.java:210)
	at org.junit.jupiter.engine.descriptor.TestMethodTestDescriptor.execute(TestMethodTestDescriptor.java:135)
	at org.junit.jupiter.engine.descriptor.TestMethodTestDescriptor.execute(TestMethodTestDescriptor.java:66)
	at org.junit.platform.engine.support.hierarchical.NodeTestTask.lambda$executeRecursively$6(NodeTestTask.java:151)
	at org.junit.platform.engine.support.hierarchical.ThrowableCollector.execute(ThrowableCollector.java:73)
	at org.junit.platform.engine.support.hierarchical.NodeTestTask.lambda$executeRecursively$8(NodeTestTask.java:141)
	at org.junit.platform.engine.support.hierarchical.Node.around(Node.java:137)
	at org.junit.platform.engine.support.hierarchical.NodeTestTask.lambda$executeRecursively$9(NodeTestTask.java:139)
	at org.junit.platform.engine.support.hierarchical.ThrowableCollector.execute(ThrowableCollector.java:73)
	at org.junit.platform.engine.support.hierarchical.NodeTestTask.executeRecursively(NodeTestTask.java:138)
	at org.junit.platform.engine.support.hierarchical.NodeTestTask.execute(NodeTestTask.java:95)
	at java.base/java.util.ArrayList.forEach(ArrayList.java:1511)
	at org.junit.platform.engine.support.hierarchical.SameThreadHierarchicalTestExecutorService.invokeAll(SameThreadHierarchicalTestExecutorService.java:41)
	at org.junit.platform.engine.support.hierarchical.NodeTestTask.lambda$executeRecursively$6(NodeTestTask.java:155)
	at org.junit.platform.engine.support.hierarchical.ThrowableCollector.execute(ThrowableCollector.java:73)
	at org.junit.platform.engine.support.hierarchical.NodeTestTask.lambda$executeRecursively$8(NodeTestTask.java:141)
	at org.junit.platform.engine.support.hierarchical.Node.around(Node.java:137)
	at org.junit.platform.engine.support.hierarchical.NodeTestTask.lambda$executeRecursively$9(NodeTestTask.java:139)
	at org.junit.platform.engine.support.hierarchical.ThrowableCollector.execute(ThrowableCollector.java:73)
	at org.junit.platform.engine.support.hierarchical.NodeTestTask.executeRecursively(NodeTestTask.java:138)
	at org.junit.platform.engine.support.hierarchical.NodeTestTask.execute(NodeTestTask.java:95)
	at java.base/java.util.ArrayList.forEach(ArrayList.java:1511)
	at org.junit.platform.engine.support.hierarchical.SameThreadHierarchicalTestExecutorService.invokeAll(SameThreadHierarchicalTestExecutorService.java:41)
	at org.junit.platform.engine.support.hierarchical.NodeTestTask.lambda$executeRecursively$6(NodeTestTask.java:155)
	at org.junit.platform.engine.support.hierarchical.ThrowableCollector.execute(ThrowableCollector.java:73)
	at org.junit.platform.engine.support.hierarchical.NodeTestTask.lambda$executeRecursively$8(NodeTestTask.java:141)
	at org.junit.platform.engine.support.hierarchical.Node.around(Node.java:137)
	at org.junit.platform.engine.support.hierarchical.NodeTestTask.lambda$executeRecursively$9(NodeTestTask.java:139)
	at org.junit.platform.engine.support.hierarchical.ThrowableCollector.execute(ThrowableCollector.java:73)
	at org.junit.platform.engine.support.hierarchical.NodeTestTask.executeRecursively(NodeTestTask.java:138)
	at org.junit.platform.engine.support.hierarchical.NodeTestTask.execute(NodeTestTask.java:95)
	at org.junit.platform.engine.support.hierarchical.SameThreadHierarchicalTestExecutorService.submit(SameThreadHierarchicalTestExecutorService.java:35)
	at org.junit.platform.engine.support.hierarchical.HierarchicalTestExecutor.execute(HierarchicalTestExecutor.java:57)
	at org.junit.platform.engine.support.hierarchical.HierarchicalTestEngine.execute(HierarchicalTestEngine.java:54)
	at org.junit.platform.launcher.core.EngineExecutionOrchestrator.execute(EngineExecutionOrchestrator.java:107)
	at org.junit.platform.launcher.core.EngineExecutionOrchestrator.execute(EngineExecutionOrchestrator.java:88)
	at org.junit.platform.launcher.core.EngineExecutionOrchestrator.lambda$execute$0(EngineExecutionOrchestrator.java:54)
	at org.junit.platform.launcher.core.EngineExecutionOrchestrator.withInterceptedStreams(EngineExecutionOrchestrator.java:67)
	at org.junit.platform.launcher.core.EngineExecutionOrchestrator.execute(EngineExecutionOrchestrator.java:52)
	at org.junit.platform.launcher.core.DefaultLauncher.execute(DefaultLauncher.java:114)
	at org.junit.platform.launcher.core.DefaultLauncher.execute(DefaultLauncher.java:86)
	at org.junit.platform.launcher.core.DefaultLauncherSession$DelegatingLauncher.execute(DefaultLauncherSession.java:86)
	at org.apache.maven.surefire.junitplatform.LazyLauncher.execute(LazyLauncher.java:55)
	at org.apache.maven.surefire.junitplatform.JUnitPlatformProvider.execute(JUnitPlatformProvider.java:223)
	at org.apache.maven.surefire.junitplatform.JUnitPlatformProvider.invokeAllTests(JUnitPlatformProvider.java:175)
	at org.apache.maven.surefire.junitplatform.JUnitPlatformProvider.invoke(JUnitPlatformProvider.java:139)
	at org.apache.maven.surefire.booter.ForkedBooter.runSuitesInProcess(ForkedBooter.java:456)
	at org.apache.maven.surefire.booter.ForkedBooter.execute(ForkedBooter.java:169)
	at org.apache.maven.surefire.booter.ForkedBooter.run(ForkedBooter.java:595)
	at org.apache.maven.surefire.booter.ForkedBooter.main(ForkedBooter.java:581)
</pre></div></div></td>
<td align="left"></td></tr>
<tr class="a">
<td align="left"><figure><img src="images/icon_success_sml.gif" alt="" /></figure></td>
<td align="left"><a name="TC_org.openwms.core.uaa.admin.impl.UserServiceIT.testChangePassword"></a>testChangePassword</td>
<td align="left">0.008</td></tr>
<tr class="b">
<td align="left"><a href="#org.openwms.core.uaa.admin.impl.UserServiceIT.testSaveWithNull"><figure><img src="images/icon_warning_sml.gif" alt="" /></figure></a></td>
<td align="left"><a name="TC_org.openwms.core.uaa.admin.impl.UserServiceIT.testSaveWithNull"></a><a href="#org.openwms.core.uaa.admin.impl.UserServiceIT.testSaveWithNull">testSaveWithNull</a>
<div class="detailToggle" style="display:inline"><a href="javascript:toggleDisplay('org.openwms.core.uaa.admin.impl.UserServiceIT.testSaveWithNull');"><span style="display:inline;" id="org.openwms.core.uaa.admin.impl.UserServiceIT.testSaveWithNull-off"> + </span><span style="display:none;" id="org.openwms.core.uaa.admin.impl.UserServiceIT.testSaveWithNull-on"> - </span>[ Detail ]</a></div></td>
<td align="left">0</td></tr>
<tr class="a">
<td align="left"></td>
<td align="left">void org.openwms.core.uaa.admin.impl.UserServiceIT.testSaveWithNull() is @Disabled</td>
<td align="left"></td></tr>
<tr class="b">
<td align="left"><a href="#org.openwms.core.uaa.admin.impl.UserServiceIT.testFindById"><figure><img src="images/icon_error_sml.gif" alt="" /></figure></a></td>
<td align="left"><a name="TC_org.openwms.core.uaa.admin.impl.UserServiceIT.testFindById"></a><a href="#org.openwms.core.uaa.admin.impl.UserServiceIT.testFindById">testFindById</a>
<div class="detailToggle" style="display:inline"><a href="javascript:toggleDisplay('org.openwms.core.uaa.admin.impl.UserServiceIT.testFindById');"><span style="display:inline;" id="org.openwms.core.uaa.admin.impl.UserServiceIT.testFindById-off"> + </span><span style="display:none;" id="org.openwms.core.uaa.admin.impl.UserServiceIT.testFindById-on"> - </span>[ Detail ]</a></div></td>
<td align="left">0.007</td></tr>
<tr class="a">
<td align="left"></td>
<td align="left">1 User is expected ==&gt; expected: &lt;1&gt; but was: &lt;3&gt;</td>
<td align="left"></td></tr>
<tr class="b">
<td align="left"></td>
<td align="left">
<div id="org.openwms.core.uaa.admin.impl.UserServiceIT.testFindById-failure" style="display:none;">
<div>
<pre>org.opentest4j.AssertionFailedError: 1 User is expected ==&gt; expected: &lt;1&gt; but was: &lt;3&gt;
	at org.junit.jupiter.api.AssertionUtils.fail(AssertionUtils.java:55)
	at org.junit.jupiter.api.AssertionUtils.failNotEqual(AssertionUtils.java:62)
	at org.junit.jupiter.api.AssertEquals.assertEquals(AssertEquals.java:150)
	at org.junit.jupiter.api.Assertions.assertEquals(Assertions.java:559)
	at org.openwms.core.uaa.admin.impl.UserServiceIT.testFindById(UserServiceIT.java:236)
	at java.base/jdk.internal.reflect.NativeMethodAccessorImpl.invoke0(Native Method)
	at java.base/jdk.internal.reflect.NativeMethodAccessorImpl.invoke(NativeMethodAccessorImpl.java:77)
	at java.base/jdk.internal.reflect.DelegatingMethodAccessorImpl.invoke(DelegatingMethodAccessorImpl.java:43)
	at java.base/java.lang.reflect.Method.invoke(Method.java:568)
	at org.junit.platform.commons.util.ReflectionUtils.invokeMethod(ReflectionUtils.java:725)
	at org.junit.jupiter.engine.execution.MethodInvocation.proceed(MethodInvocation.java:60)
	at org.junit.jupiter.engine.execution.InvocationInterceptorChain$ValidatingInvocation.proceed(InvocationInterceptorChain.java:131)
	at org.junit.jupiter.engine.extension.TimeoutExtension.intercept(TimeoutExtension.java:149)
	at org.junit.jupiter.engine.extension.TimeoutExtension.interceptTestableMethod(TimeoutExtension.java:140)
	at org.junit.jupiter.engine.extension.TimeoutExtension.interceptTestMethod(TimeoutExtension.java:84)
	at org.junit.jupiter.engine.execution.ExecutableInvoker$ReflectiveInterceptorCall.lambda$ofVoidMethod$0(ExecutableInvoker.java:115)
	at org.junit.jupiter.engine.execution.ExecutableInvoker.lambda$invoke$0(ExecutableInvoker.java:105)
	at org.junit.jupiter.engine.execution.InvocationInterceptorChain$InterceptedInvocation.proceed(InvocationInterceptorChain.java:106)
	at org.junit.jupiter.engine.execution.InvocationInterceptorChain.proceed(InvocationInterceptorChain.java:64)
	at org.junit.jupiter.engine.execution.InvocationInterceptorChain.chainAndInvoke(InvocationInterceptorChain.java:45)
	at org.junit.jupiter.engine.execution.InvocationInterceptorChain.invoke(InvocationInterceptorChain.java:37)
	at org.junit.jupiter.engine.execution.ExecutableInvoker.invoke(ExecutableInvoker.java:104)
	at org.junit.jupiter.engine.execution.ExecutableInvoker.invoke(ExecutableInvoker.java:98)
	at org.junit.jupiter.engine.descriptor.TestMethodTestDescriptor.lambda$invokeTestMethod$7(TestMethodTestDescriptor.java:214)
	at org.junit.platform.engine.support.hierarchical.ThrowableCollector.execute(ThrowableCollector.java:73)
	at org.junit.jupiter.engine.descriptor.TestMethodTestDescriptor.invokeTestMethod(TestMethodTestDescriptor.java:210)
	at org.junit.jupiter.engine.descriptor.TestMethodTestDescriptor.execute(TestMethodTestDescriptor.java:135)
	at org.junit.jupiter.engine.descriptor.TestMethodTestDescriptor.execute(TestMethodTestDescriptor.java:66)
	at org.junit.platform.engine.support.hierarchical.NodeTestTask.lambda$executeRecursively$6(NodeTestTask.java:151)
	at org.junit.platform.engine.support.hierarchical.ThrowableCollector.execute(ThrowableCollector.java:73)
	at org.junit.platform.engine.support.hierarchical.NodeTestTask.lambda$executeRecursively$8(NodeTestTask.java:141)
	at org.junit.platform.engine.support.hierarchical.Node.around(Node.java:137)
	at org.junit.platform.engine.support.hierarchical.NodeTestTask.lambda$executeRecursively$9(NodeTestTask.java:139)
	at org.junit.platform.engine.support.hierarchical.ThrowableCollector.execute(ThrowableCollector.java:73)
	at org.junit.platform.engine.support.hierarchical.NodeTestTask.executeRecursively(NodeTestTask.java:138)
	at org.junit.platform.engine.support.hierarchical.NodeTestTask.execute(NodeTestTask.java:95)
	at java.base/java.util.ArrayList.forEach(ArrayList.java:1511)
	at org.junit.platform.engine.support.hierarchical.SameThreadHierarchicalTestExecutorService.invokeAll(SameThreadHierarchicalTestExecutorService.java:41)
	at org.junit.platform.engine.support.hierarchical.NodeTestTask.lambda$executeRecursively$6(NodeTestTask.java:155)
	at org.junit.platform.engine.support.hierarchical.ThrowableCollector.execute(ThrowableCollector.java:73)
	at org.junit.platform.engine.support.hierarchical.NodeTestTask.lambda$executeRecursively$8(NodeTestTask.java:141)
	at org.junit.platform.engine.support.hierarchical.Node.around(Node.java:137)
	at org.junit.platform.engine.support.hierarchical.NodeTestTask.lambda$executeRecursively$9(NodeTestTask.java:139)
	at org.junit.platform.engine.support.hierarchical.ThrowableCollector.execute(ThrowableCollector.java:73)
	at org.junit.platform.engine.support.hierarchical.NodeTestTask.executeRecursively(NodeTestTask.java:138)
	at org.junit.platform.engine.support.hierarchical.NodeTestTask.execute(NodeTestTask.java:95)
	at java.base/java.util.ArrayList.forEach(ArrayList.java:1511)
	at org.junit.platform.engine.support.hierarchical.SameThreadHierarchicalTestExecutorService.invokeAll(SameThreadHierarchicalTestExecutorService.java:41)
	at org.junit.platform.engine.support.hierarchical.NodeTestTask.lambda$executeRecursively$6(NodeTestTask.java:155)
	at org.junit.platform.engine.support.hierarchical.ThrowableCollector.execute(ThrowableCollector.java:73)
	at org.junit.platform.engine.support.hierarchical.NodeTestTask.lambda$executeRecursively$8(NodeTestTask.java:141)
	at org.junit.platform.engine.support.hierarchical.Node.around(Node.java:137)
	at org.junit.platform.engine.support.hierarchical.NodeTestTask.lambda$executeRecursively$9(NodeTestTask.java:139)
	at org.junit.platform.engine.support.hierarchical.ThrowableCollector.execute(ThrowableCollector.java:73)
	at org.junit.platform.engine.support.hierarchical.NodeTestTask.executeRecursively(NodeTestTask.java:138)
	at org.junit.platform.engine.support.hierarchical.NodeTestTask.execute(NodeTestTask.java:95)
	at org.junit.platform.engine.support.hierarchical.SameThreadHierarchicalTestExecutorService.submit(SameThreadHierarchicalTestExecutorService.java:35)
	at org.junit.platform.engine.support.hierarchical.HierarchicalTestExecutor.execute(HierarchicalTestExecutor.java:57)
	at org.junit.platform.engine.support.hierarchical.HierarchicalTestEngine.execute(HierarchicalTestEngine.java:54)
	at org.junit.platform.launcher.core.EngineExecutionOrchestrator.execute(EngineExecutionOrchestrator.java:107)
	at org.junit.platform.launcher.core.EngineExecutionOrchestrator.execute(EngineExecutionOrchestrator.java:88)
	at org.junit.platform.launcher.core.EngineExecutionOrchestrator.lambda$execute$0(EngineExecutionOrchestrator.java:54)
	at org.junit.platform.launcher.core.EngineExecutionOrchestrator.withInterceptedStreams(EngineExecutionOrchestrator.java:67)
	at org.junit.platform.launcher.core.EngineExecutionOrchestrator.execute(EngineExecutionOrchestrator.java:52)
	at org.junit.platform.launcher.core.DefaultLauncher.execute(DefaultLauncher.java:114)
	at org.junit.platform.launcher.core.DefaultLauncher.execute(DefaultLauncher.java:86)
	at org.junit.platform.launcher.core.DefaultLauncherSession$DelegatingLauncher.execute(DefaultLauncherSession.java:86)
	at org.apache.maven.surefire.junitplatform.LazyLauncher.execute(LazyLauncher.java:55)
	at org.apache.maven.surefire.junitplatform.JUnitPlatformProvider.execute(JUnitPlatformProvider.java:223)
	at org.apache.maven.surefire.junitplatform.JUnitPlatformProvider.invokeAllTests(JUnitPlatformProvider.java:175)
	at org.apache.maven.surefire.junitplatform.JUnitPlatformProvider.invoke(JUnitPlatformProvider.java:139)
	at org.apache.maven.surefire.booter.ForkedBooter.runSuitesInProcess(ForkedBooter.java:456)
	at org.apache.maven.surefire.booter.ForkedBooter.execute(ForkedBooter.java:169)
	at org.apache.maven.surefire.booter.ForkedBooter.run(ForkedBooter.java:595)
	at org.apache.maven.surefire.booter.ForkedBooter.main(ForkedBooter.java:581)
</pre></div></div></td>
<td align="left"></td></tr>
<tr class="a">
<td align="left"><figure><img src="images/icon_success_sml.gif" alt="" /></figure></td>
<td align="left"><a name="TC_org.openwms.core.uaa.admin.impl.UserServiceIT.testGetTemplate"></a>testGetTemplate</td>
<td align="left">0.006</td></tr>
<tr class="b">
<td align="left"><a href="#org.openwms.core.uaa.admin.impl.UserServiceIT.testSaveUserProfileUserNull"><figure><img src="images/icon_warning_sml.gif" alt="" /></figure></a></td>
<td align="left"><a name="TC_org.openwms.core.uaa.admin.impl.UserServiceIT.testSaveUserProfileUserNull"></a><a href="#org.openwms.core.uaa.admin.impl.UserServiceIT.testSaveUserProfileUserNull">testSaveUserProfileUserNull</a>
<div class="detailToggle" style="display:inline"><a href="javascript:toggleDisplay('org.openwms.core.uaa.admin.impl.UserServiceIT.testSaveUserProfileUserNull');"><span style="display:inline;" id="org.openwms.core.uaa.admin.impl.UserServiceIT.testSaveUserProfileUserNull-off"> + </span><span style="display:none;" id="org.openwms.core.uaa.admin.impl.UserServiceIT.testSaveUserProfileUserNull-on"> - </span>[ Detail ]</a></div></td>
<td align="left">0</td></tr>
<tr class="a">
<td align="left"></td>
<td align="left">void org.openwms.core.uaa.admin.impl.UserServiceIT.testSaveUserProfileUserNull() is @Disabled</td>
<td align="left"></td></tr>
<tr class="b">
<td align="left"><figure><img src="images/icon_success_sml.gif" alt="" /></figure></td>
<td align="left"><a name="TC_org.openwms.core.uaa.admin.impl.UserServiceIT.testUploadImage"></a>testUploadImage</td>
<td align="left">0.024</td></tr>
<tr class="a">
<td align="left"><a href="#org.openwms.core.uaa.admin.impl.UserServiceIT.testSaveUserProfileUserPreferencePasswordNull"><figure><img src="images/icon_warning_sml.gif" alt="" /></figure></a></td>
<td align="left"><a name="TC_org.openwms.core.uaa.admin.impl.UserServiceIT.testSaveUserProfileUserPreferencePasswordNull"></a><a href="#org.openwms.core.uaa.admin.impl.UserServiceIT.testSaveUserProfileUserPreferencePasswordNull">testSaveUserProfileUserPreferencePasswordNull</a>
<div class="detailToggle" style="display:inline"><a href="javascript:toggleDisplay('org.openwms.core.uaa.admin.impl.UserServiceIT.testSaveUserProfileUserPreferencePasswordNull');"><span style="display:inline;" id="org.openwms.core.uaa.admin.impl.UserServiceIT.testSaveUserProfileUserPreferencePasswordNull-off"> + </span><span style="display:none;" id="org.openwms.core.uaa.admin.impl.UserServiceIT.testSaveUserProfileUserPreferencePasswordNull-on"> - </span>[ Detail ]</a></div></td>
<td align="left">0</td></tr>
<tr class="b">
<td align="left"></td>
<td align="left">void org.openwms.core.uaa.admin.impl.UserServiceIT.testSaveUserProfileUserPreferencePasswordNull() is @Disabled</td>
<td align="left"></td></tr>
<tr class="a">
<td align="left"><a href="#org.openwms.core.uaa.admin.impl.UserServiceIT.testRemoveWithNull"><figure><img src="images/icon_warning_sml.gif" alt="" /></figure></a></td>
<td align="left"><a name="TC_org.openwms.core.uaa.admin.impl.UserServiceIT.testRemoveWithNull"></a><a href="#org.openwms.core.uaa.admin.impl.UserServiceIT.testRemoveWithNull">testRemoveWithNull</a>
<div class="detailToggle" style="display:inline"><a href="javascript:toggleDisplay('org.openwms.core.uaa.admin.impl.UserServiceIT.testRemoveWithNull');"><span style="display:inline;" id="org.openwms.core.uaa.admin.impl.UserServiceIT.testRemoveWithNull-off"> + </span><span style="display:none;" id="org.openwms.core.uaa.admin.impl.UserServiceIT.testRemoveWithNull-on"> - </span>[ Detail ]</a></div></td>
<td align="left">0</td></tr>
<tr class="b">
<td align="left"></td>
<td align="left">void org.openwms.core.uaa.admin.impl.UserServiceIT.testRemoveWithNull() is @Disabled</td>
<td align="left"></td></tr>
<tr class="a">
<td align="left"><figure><img src="images/icon_success_sml.gif" alt="" /></figure></td>
<td align="left"><a name="TC_org.openwms.core.uaa.admin.impl.UserServiceIT.testChangePasswordUnknown"></a>testChangePasswordUnknown</td>
<td align="left">0.008</td></tr>
<tr class="b">
<td align="left"><figure><img src="images/icon_success_sml.gif" alt="" /></figure></td>
<td align="left"><a name="TC_org.openwms.core.uaa.admin.impl.UserServiceIT.testSaveTransient"></a>testSaveTransient</td>
<td align="left">0.008</td></tr>
<tr class="a">
<td align="left"><figure><img src="images/icon_success_sml.gif" alt="" /></figure></td>
<td align="left"><a name="TC_org.openwms.core.uaa.admin.impl.UserServiceIT.testCreateSystemUser"></a>testCreateSystemUser</td>
<td align="left">0.01</td></tr>
<tr class="b">
<td align="left"><figure><img src="images/icon_success_sml.gif" alt="" /></figure></td>
<td align="left"><a name="TC_org.openwms.core.uaa.admin.impl.UserServiceIT.testRemove"></a>testRemove</td>
<td align="left">0.013</td></tr>
<tr class="a">
<td align="left"><figure><img src="images/icon_success_sml.gif" alt="" /></figure></td>
<td align="left"><a name="TC_org.openwms.core.uaa.admin.impl.UserServiceIT.testSaveDetached"></a>testSaveDetached</td>
<td align="left">0.012</td></tr>
<tr class="b">
<td align="left"><figure><img src="images/icon_success_sml.gif" alt="" /></figure></td>
<td align="left"><a name="TC_org.openwms.core.uaa.admin.impl.UserServiceIT.testSaveUserProfileWithPreference"></a>testSaveUserProfileWithPreference</td>
<td align="left">0.008</td></tr></table></section><section>
<h3><a name="RoleMapperImplIT"></a>RoleMapperImplIT</h3><a name="org.openwms.core.uaa.admin.impl.RoleMapperImplIT"></a>
<table border="1" class="table table-striped">
<tr class="a">
<td align="left"><figure><img src="images/icon_success_sml.gif" alt="" /></figure></td>
<td align="left"><a name="TC_org.openwms.core.uaa.admin.impl.RoleMapperImplIT.testEOstoVOs"></a>testEOstoVOs</td>
<td align="left">0.029</td></tr>
<tr class="b">
<td align="left"><figure><img src="images/icon_success_sml.gif" alt="" /></figure></td>
<td align="left"><a name="TC_org.openwms.core.uaa.admin.impl.RoleMapperImplIT.testEOtoVO"></a>testEOtoVO</td>
<td align="left">0.02</td></tr>
<tr class="a">
<td align="left"><figure><img src="images/icon_success_sml.gif" alt="" /></figure></td>
<td align="left"><a name="TC_org.openwms.core.uaa.admin.impl.RoleMapperImplIT.testVOtoEO"></a>testVOtoEO</td>
<td align="left">0.016</td></tr></table></section><section>
<h3><a name="IndexControllerDocumentation"></a>IndexControllerDocumentation</h3><a name="org.openwms.core.uaa.IndexControllerDocumentation"></a>
<table border="1" class="table table-striped">
<tr class="a">
<td align="left"><figure><img src="images/icon_success_sml.gif" alt="" /></figure></td>
<td align="left"><a name="TC_org.openwms.core.uaa.IndexControllerDocumentation.shall_return_index"></a>shall_return_index</td>
<td align="left">0.026</td></tr></table></section><section>
<h3><a name="ClientControllerDocumentation"></a>ClientControllerDocumentation</h3><a name="org.openwms.core.uaa.auth.ClientControllerDocumentation"></a>
<table border="1" class="table table-striped">
<tr class="a">
<td align="left"><figure><img src="images/icon_success_sml.gif" alt="" /></figure></td>
<td align="left"><a name="TC_org.openwms.core.uaa.auth.ClientControllerDocumentation.shall_delete_client"></a>shall_delete_client</td>
<td align="left">0.057</td></tr>
<tr class="b">
<td align="left"><figure><img src="images/icon_success_sml.gif" alt="" /></figure></td>
<td align="left"><a name="TC_org.openwms.core.uaa.auth.ClientControllerDocumentation.shall_save_client"></a>shall_save_client</td>
<td align="left">0.086</td></tr>
<tr class="a">
<td align="left"><figure><img src="images/icon_success_sml.gif" alt="" /></figure></td>
<td align="left"><a name="TC_org.openwms.core.uaa.auth.ClientControllerDocumentation.shall_find_demo_clients"></a>shall_find_demo_clients</td>
<td align="left">0.034</td></tr>
<tr class="b">
<td align="left"><figure><img src="images/icon_success_sml.gif" alt="" /></figure></td>
<td align="left"><a name="TC_org.openwms.core.uaa.auth.ClientControllerDocumentation.shall_create_client"></a>shall_create_client</td>
<td align="left">0.024</td></tr>
<tr class="a">
<td align="left"><figure><img src="images/icon_success_sml.gif" alt="" /></figure></td>
<td align="left"><a name="TC_org.openwms.core.uaa.auth.ClientControllerDocumentation.shall_build_index"></a>shall_build_index</td>
<td align="left">0.031</td></tr></table></section><section>
<h3><a name="RoleIT"></a>RoleIT</h3><a name="org.openwms.core.uaa.admin.impl.RoleIT"></a>
<table border="1" class="table table-striped">
<tr class="a">
<td align="left"><figure><img src="images/icon_success_sml.gif" alt="" /></figure></td>
<td align="left"><a name="TC_org.openwms.core.uaa.admin.impl.RoleIT.testHashCodeEquals"></a>testHashCodeEquals</td>
<td align="left">0.023</td></tr>
<tr class="b">
<td align="left"><figure><img src="images/icon_success_sml.gif" alt="" /></figure></td>
<td align="left"><a name="TC_org.openwms.core.uaa.admin.impl.RoleIT.testRoleBuilder"></a>testRoleBuilder</td>
<td align="left">0.008</td></tr>
<tr class="a">
<td align="left"><figure><img src="images/icon_success_sml.gif" alt="" /></figure></td>
<td align="left"><a name="TC_org.openwms.core.uaa.admin.impl.RoleIT.testRoleConstraint"></a>testRoleConstraint</td>
<td align="left">0.016</td></tr>
<tr class="b">
<td align="left"><figure><img src="images/icon_success_sml.gif" alt="" /></figure></td>
<td align="left"><a name="TC_org.openwms.core.uaa.admin.impl.RoleIT.testLifecycleWithTransientUsers"></a>testLifecycleWithTransientUsers</td>
<td align="left">0.021</td></tr>
<tr class="a">
<td align="left"><figure><img src="images/icon_success_sml.gif" alt="" /></figure></td>
<td align="left"><a name="TC_org.openwms.core.uaa.admin.impl.RoleIT.testLifecycleRemoveRoleNotUsers"></a>testLifecycleRemoveRoleNotUsers</td>
<td align="left">0.022</td></tr></table></section><section>
<h3><a name="GrantControllerDocumentation"></a>GrantControllerDocumentation</h3><a name="org.openwms.core.uaa.admin.GrantControllerDocumentation"></a>
<table border="1" class="table table-striped">
<tr class="a">
<td align="left"><figure><img src="images/icon_success_sml.gif" alt="" /></figure></td>
<td align="left"><a name="TC_org.openwms.core.uaa.admin.GrantControllerDocumentation.shall_create_role"></a>shall_create_role</td>
<td align="left">0.105</td></tr>
<tr class="b">
<td align="left"><figure><img src="images/icon_success_sml.gif" alt="" /></figure></td>
<td align="left"><a name="TC_org.openwms.core.uaa.admin.GrantControllerDocumentation.shall_find_all_Grants"></a>shall_find_all_Grants</td>
<td align="left">0.03</td></tr>
<tr class="a">
<td align="left"><figure><img src="images/icon_success_sml.gif" alt="" /></figure></td>
<td align="left"><a name="TC_org.openwms.core.uaa.admin.GrantControllerDocumentation.shall_find_all_Grants_for_User_not_exist"></a>shall_find_all_Grants_for_User_not_exist</td>
<td align="left">0.029</td></tr>
<tr class="b">
<td align="left"><figure><img src="images/icon_success_sml.gif" alt="" /></figure></td>
<td align="left"><a name="TC_org.openwms.core.uaa.admin.GrantControllerDocumentation.shall_find_Grant_by_pKey"></a>shall_find_Grant_by_pKey</td>
<td align="left">0.034</td></tr>
<tr class="a">
<td align="left"><figure><img src="images/icon_success_sml.gif" alt="" /></figure></td>
<td align="left"><a name="TC_org.openwms.core.uaa.admin.GrantControllerDocumentation.shall_find_all_Grants_for_User"></a>shall_find_all_Grants_for_User</td>
<td align="left">0.03</td></tr>
<tr class="b">
<td align="left"><figure><img src="images/icon_success_sml.gif" alt="" /></figure></td>
<td align="left"><a name="TC_org.openwms.core.uaa.admin.GrantControllerDocumentation.shall_find_all_Grants_for_User_empty"></a>shall_find_all_Grants_for_User_empty</td>
<td align="left">0.024</td></tr>
<tr class="a">
<td align="left"><figure><img src="images/icon_success_sml.gif" alt="" /></figure></td>
<td align="left"><a name="TC_org.openwms.core.uaa.admin.GrantControllerDocumentation.shall_build_index"></a>shall_build_index</td>
<td align="left">0.013</td></tr></table></section><section>
<h3><a name="UserControllerDocumentation"></a>UserControllerDocumentation</h3><a name="org.openwms.core.uaa.admin.UserControllerDocumentation"></a>
<table border="1" class="table table-striped">
<tr class="a">
<td align="left"><figure><img src="images/icon_success_sml.gif" alt="" /></figure></td>
<td align="left"><a name="TC_org.openwms.core.uaa.admin.UserControllerDocumentation.shall_find_no_users"></a>shall_find_no_users</td>
<td align="left">0.054</td></tr>
<tr class="b">
<td align="left"><figure><img src="images/icon_success_sml.gif" alt="" /></figure></td>
<td align="left"><a name="TC_org.openwms.core.uaa.admin.UserControllerDocumentation.shall_update_user"></a>shall_update_user</td>
<td align="left">3.253</td></tr>
<tr class="a">
<td align="left"><figure><img src="images/icon_success_sml.gif" alt="" /></figure></td>
<td align="left"><a name="TC_org.openwms.core.uaa.admin.UserControllerDocumentation.shall_create_user"></a>shall_create_user</td>
<td align="left">0.044</td></tr>
<tr class="b">
<td align="left"><figure><img src="images/icon_success_sml.gif" alt="" /></figure></td>
<td align="left"><a name="TC_org.openwms.core.uaa.admin.UserControllerDocumentation.shall_create_user_exists"></a>shall_create_user_exists</td>
<td align="left">0.025</td></tr>
<tr class="a">
<td align="left"><figure><img src="images/icon_success_sml.gif" alt="" /></figure></td>
<td align="left"><a name="TC_org.openwms.core.uaa.admin.UserControllerDocumentation.shall_find_by_pKey"></a>shall_find_by_pKey</td>
<td align="left">0.025</td></tr>
<tr class="b">
<td align="left"><figure><img src="images/icon_success_sml.gif" alt="" /></figure></td>
<td align="left"><a name="TC_org.openwms.core.uaa.admin.UserControllerDocumentation.shall_change_password"></a>shall_change_password</td>
<td align="left">3.102</td></tr>
<tr class="a">
<td align="left"><figure><img src="images/icon_success_sml.gif" alt="" /></figure></td>
<td align="left"><a name="TC_org.openwms.core.uaa.admin.UserControllerDocumentation.shall_find_demo_users"></a>shall_find_demo_users</td>
<td align="left">0.029</td></tr>
<tr class="b">
<td align="left"><figure><img src="images/icon_success_sml.gif" alt="" /></figure></td>
<td align="left"><a name="TC_org.openwms.core.uaa.admin.UserControllerDocumentation.shall_build_index"></a>shall_build_index</td>
<td align="left">0.02</td></tr>
<tr class="a">
<td align="left"><figure><img src="images/icon_success_sml.gif" alt="" /></figure></td>
<td align="left"><a name="TC_org.openwms.core.uaa.admin.UserControllerDocumentation.shall_delete_user"></a>shall_delete_user</td>
<td align="left">0.028</td></tr></table></section><br /></section><section>
<h2><a name="Failure_Details"></a>Failure Details</h2><a name="Failure_Details"></a>
<p>[<a href="#Summary">Summary</a>] [<a href="#Package_List">Package List</a>] [<a href="#Test_Cases">Test Cases</a>]</p><br />
<table border="1" class="table table-striped">
<tr class="a">
<td align="left"><figure><img src="images/icon_error_sml.gif" alt="" /></figure></td>
<td align="left"><a name="org.openwms.core.uaa.admin.impl.UserServiceIT.testFindAll"></a>testFindAll</td></tr>
<tr class="b">
<td align="left"></td>
<td align="left">java.lang.AssertionError: 
Expected size: 1 but was: 3 in:
[User{username='jenkins', extern=true, lastPasswordChange=2020-06-22T19:02:47.330440Z[Etc/UTC], locked=true, password='*****', persistedPassword='*****', enabled=true, expirationDate=2020-06-23T19:02:45.054756Z[Etc/UTC], fullname='Mister Jenkins', userDetails=UserDetails[description='A virtual one', comment='Test administrator', phoneNo='001-1234-98765', im='Skype:admine', office='Off. 4711', department='Dep. 0', image=null, gender=MALE]},
    User{username='tester', extern=false, lastPasswordChange=2020-06-22T19:02:47.330440Z[Etc/UTC], locked=false, password='*****', persistedPassword='*****', enabled=true, expirationDate=2020-06-23T19:02:45.054756Z[Etc/UTC], fullname='Tester', userDetails=UserDetails[description='Just a test user', comment='testing only', phoneNo='001-1234-56789', im='Skype:testee', office='Off. 815', department='Dep. 1', image=null, gender=FEMALE]},
    User{username='KNOWN', extern=false, lastPasswordChange=null, locked=false, password='&lt;NULL&gt;', persistedPassword='&lt;NULL&gt;', enabled=true, expirationDate=null, fullname='null', userDetails=null}]</td></tr>
<tr class="a">
<td align="left"></td>
<td align="left">
<div id="testFindAll-failure">org.openwms.core.uaa.admin.impl.UserServiceIT:231</div></td></tr>
<tr class="b">
<td align="left"><figure><img src="images/icon_error_sml.gif" alt="" /></figure></td>
<td align="left"><a name="org.openwms.core.uaa.admin.impl.UserServiceIT.testFindByIdNegative"></a>testFindByIdNegative</td></tr>
<tr class="a">
<td align="left"></td>
<td align="left">org.opentest4j.AssertionFailedError: 1 User is expected ==&gt; expected: &lt;1&gt; but was: &lt;3&gt;</td></tr>
<tr class="b">
<td align="left"></td>
<td align="left">
<div id="testFindByIdNegative-failure">org.openwms.core.uaa.admin.impl.UserServiceIT:243</div></td></tr>
<tr class="a">
<td align="left"><figure><img src="images/icon_warning_sml.gif" alt="" /></figure></td>
<td align="left"><a name="org.openwms.core.uaa.admin.impl.UserServiceIT.testSaveWithNull"></a>testSaveWithNull</td></tr>
<tr class="b">
<td align="left"></td>
<td align="left">skipped: void org.openwms.core.uaa.admin.impl.UserServiceIT.testSaveWithNull() is @Disabled</td></tr>
<tr class="a">
<td align="left"><figure><img src="images/icon_error_sml.gif" alt="" /></figure></td>
<td align="left"><a name="org.openwms.core.uaa.admin.impl.UserServiceIT.testFindById"></a>testFindById</td></tr>
<tr class="b">
<td align="left"></td>
<td align="left">org.opentest4j.AssertionFailedError: 1 User is expected ==&gt; expected: &lt;1&gt; but was: &lt;3&gt;</td></tr>
<tr class="a">
<td align="left"></td>
<td align="left">
<div id="testFindById-failure">org.openwms.core.uaa.admin.impl.UserServiceIT:236</div></td></tr>
<tr class="b">
<td align="left"><figure><img src="images/icon_warning_sml.gif" alt="" /></figure></td>
<td align="left"><a name="org.openwms.core.uaa.admin.impl.UserServiceIT.testSaveUserProfileUserNull"></a>testSaveUserProfileUserNull</td></tr>
<tr class="a">
<td align="left"></td>
<td align="left">skipped: void org.openwms.core.uaa.admin.impl.UserServiceIT.testSaveUserProfileUserNull() is @Disabled</td></tr>
<tr class="b">
<td align="left"><figure><img src="images/icon_warning_sml.gif" alt="" /></figure></td>
<td align="left"><a name="org.openwms.core.uaa.admin.impl.UserServiceIT.testSaveUserProfileUserPreferencePasswordNull"></a>testSaveUserProfileUserPreferencePasswordNull</td></tr>
<tr class="a">
<td align="left"></td>
<td align="left">skipped: void org.openwms.core.uaa.admin.impl.UserServiceIT.testSaveUserProfileUserPreferencePasswordNull() is @Disabled</td></tr>
<tr class="b">
<td align="left"><figure><img src="images/icon_warning_sml.gif" alt="" /></figure></td>
<td align="left"><a name="org.openwms.core.uaa.admin.impl.UserServiceIT.testRemoveWithNull"></a>testRemoveWithNull</td></tr>
<tr class="a">
<td align="left"></td>
<td align="left">skipped: void org.openwms.core.uaa.admin.impl.UserServiceIT.testRemoveWithNull() is @Disabled</td></tr></table><br /></section>
        </main>
    </div>
    <hr/>
    <footer>
      <div class="container">
        <div class="row">
            <p>Copyright &#169;      2005&#x2013;2022<a href="https://www.interface21.io">Interface21.io</a>.
.</p>
        </div>
        <p id="poweredBy" class="pull-right"><a href="http://maven.apache.org/" title="Built by Maven" class="poweredBy"><img class="builtBy" alt="Built by Maven" src="./images/logos/maven-feather.png" /></a>
</p>
      </div>
    </footer>
  </body>
</html>